[Android_Nokia INFO ] 2025-02-17 06:32:47.881 ServerManager:20 - starting appium server
[Android_Nokia INFO ] 2025-02-17 06:32:50.662 ServerManager:29 - Appium server started
[Android_Nokia INFO ] 2025-02-17 06:32:50.682 DriverManager:36 - Initializing Appium driver
[Android_Nokia INFO ] 2025-02-17 06:32:50.683 DriverManager:43 - Initializing Android driver...
[Android_Nokia INFO ] 2025-02-17 06:32:50.714 PropertyManager:17 - loading config properties
[Android_Nokia INFO ] 2025-02-17 06:32:50.715 CapabilitiesManager:17 - getting capabilities
[Android_Nokia INFO ] 2025-02-17 06:32:50.732 CapabilitiesManager:46 - appUrl is C:\Users\shubham\IdeaProjects\Appium-Testing\src\test\resources\apps\app-debug.apk
[Android_Nokia INFO ] 2025-02-17 06:33:04.837 DriverManager:61 - Driver is initialized successfully.
[Android_Nokia INFO ] 2025-02-17 06:33:05.448 DriverManager:16 - Driver is running and not null.
[Android_Nokia INFO ] 2025-02-17 06:33:06.542 DriverManager:16 - Driver is running and not null.
[Android_Nokia WARN ] 2025-02-17 06:33:08.270 DriverManager:72 - Driver already initialized.
[Android_Nokia INFO ] 2025-02-17 06:33:08.271 DriverManager:16 - Driver is running and not null.
[Android_Nokia INFO ] 2025-02-17 06:33:51.530 DriverManager:16 - Driver is running and not null.
[Android_Nokia INFO ] 2025-02-17 06:34:04.811 VideoManager:35 - video path: Android_Nokia\Videos\User completes the login process and verifies OTP.mp4
[Android_Nokia INFO ] 2025-02-17 06:34:04.825 DriverManager:16 - Driver is running and not null.
[Android_Nokia INFO ] 2025-02-17 06:34:05.517 DriverManager:16 - Driver is running and not null.
[Android_Nokia WARN ] 2025-02-17 06:34:07.158 DriverManager:72 - Driver already initialized.
[Android_Nokia INFO ] 2025-02-17 06:34:07.159 DriverManager:16 - Driver is running and not null.
[Android_Nokia INFO ] 2025-02-17 06:34:07.159 DriverManager:16 - Driver is running and not null.
[Android_Nokia INFO ] 2025-02-17 06:34:25.098 DriverManager:16 - Driver is running and not null.
[Android_Nokia INFO ] 2025-02-17 06:34:26.170 DriverManager:16 - Driver is running and not null.
[Android_Nokia INFO ] 2025-02-17 06:34:31.020 VideoManager:35 - video path: Android_Nokia\Videos\Perform Lead II ECG Test.mp4
[Android_Nokia INFO ] 2025-02-17 06:34:31.032 DriverManager:16 - Driver is running and not null.
[Android_Nokia INFO ] 2025-02-17 06:34:31.032 DriverManager:16 - Driver is running and not null.
[Android_Nokia WARN ] 2025-02-17 06:34:31.521 DriverManager:29 - Attempted to set a null driver.
